<testExecutions version="1">
  <file path="src/app/app.component.spec.ts">
    <testCase name="AppComponent should render title" duration="705">
      <failure message="Error">Error: Expected undefined to contain 'museums-front app is running!'.
    at &lt;Jasmine&gt;
    at UserContext.&lt;anonymous&gt; (src/app/app.component.spec.ts:37:66)
    at _ZoneDelegate.invoke (node_modules/zone.js/fesm2015/zone.js:372:1)
    at ProxyZoneSpec.onInvoke (node_modules/zone.js/fesm2015/zone-testing.js:287:1)
</failure>
    </testCase>
    <testCase name="AppComponent should have as title 'musica-front'" duration="12">
      <failure message="Error">Error: Expected 'music-front' to equal 'musica-front'.
    at &lt;Jasmine&gt;
    at UserContext.&lt;anonymous&gt; (src/app/app.component.spec.ts:30:23)
    at _ZoneDelegate.invoke (node_modules/zone.js/fesm2015/zone.js:372:1)
    at ProxyZoneSpec.onInvoke (node_modules/zone.js/fesm2015/zone-testing.js:287:1)
</failure>
    </testCase>
    <testCase name="AppComponent should create the app" duration="8"/>
  </file>
  <file path="src/app/album/album.service.spec.ts">
    <testCase name="Service: Album should ..." duration="4"/>
  </file>
  <file path="src/app/album/album-detail/album-detail.component.spec.ts">
    <testCase name="AlbumDetailComponent should create" duration="28">
      <failure message="Error">TypeError: Cannot read properties of undefined (reading 'titulo')
    at AlbumDetailComponent_Template (ng:///AlbumDetailComponent.js:17:49)
    at executeTemplate (node_modules/@angular/core/fesm2015/core.mjs:9618:1)
    at refreshView (node_modules/@angular/core/fesm2015/core.mjs:9484:1)
    at refreshComponent (node_modules/@angular/core/fesm2015/core.mjs:10655:1)
    at refreshChildComponents (node_modules/@angular/core/fesm2015/core.mjs:9280:1)
    at refreshView (node_modules/@angular/core/fesm2015/core.mjs:9534:1)
    at renderComponentOrTemplate (node_modules/@angular/core/fesm2015/core.mjs:9598:1)
    at tickRootContext (node_modules/@angular/core/fesm2015/core.mjs:10829:1)
    at detectChangesInRootView (node_modules/@angular/core/fesm2015/core.mjs:10854:1)
    at RootViewRef.detectChanges (node_modules/@angular/core/fesm2015/core.mjs:21451:1)
</failure>
    </testCase>
  </file>
  <file path="src/app/album/album-list/album-list.component.spec.ts">
    <testCase name="AlbumListComponent should create" duration="11"/>
  </file>
</testExecutions>